#
# There is insufficient memory for the Java Runtime Environment to continue.
# Native memory allocation (mmap) failed to map 717225984 bytes for G1 virtual space
# Possible reasons:
#   The system is out of physical RAM or swap space
#   The process is running with CompressedOops enabled, and the Java Heap may be blocking the growth of the native heap
# Possible solutions:
#   Reduce memory load on the system
#   Increase physical memory or swap space
#   Check if swap backing store is full
#   Decrease Java heap size (-Xmx/-Xms)
#   Decrease number of Java threads
#   Decrease Java thread stack sizes (-Xss)
#   Set larger code cache with -XX:ReservedCodeCacheSize=
#   JVM is running with Zero Based Compressed Oops mode in which the Java heap is
#     placed in the first 32GB address space. The Java Heap base address is the
#     maximum limit for the native heap growth. Please use -XX:HeapBaseMinAddress
#     to set the Java Heap base and to place the Java Heap above 32GB virtual address.
# This output file may be truncated or incomplete.
#
#  Out of Memory Error (os_windows.cpp:3548), pid=9456, tid=15012
#
# JRE version: OpenJDK Runtime Environment Corretto-17.0.5.8.1 (17.0.5+8) (build 17.0.5+8-LTS)
# Java VM: OpenJDK 64-Bit Server VM Corretto-17.0.5.8.1 (17.0.5+8-LTS, mixed mode, sharing, tiered, compressed oops, compressed class ptrs, g1 gc, windows-amd64)
# No core dump will be written. Minidumps are not enabled by default on client versions of Windows
#

---------------  S U M M A R Y ------------

Command Line: -javaagent:D:\Soft\IntelliJ IDEA Community Edition 2022.1\lib\idea_rt.jar=64708:D:\Soft\IntelliJ IDEA Community Edition 2022.1\bin -Dfile.encoding=UTF-8 ru.netology.nmedia.NMediaApplicationKt

Host: Intel(R) Core(TM) i5-10300H CPU @ 2.50GHz, 8 cores, 15G,  Windows 10 , 64 bit Build 19041 (10.0.19041.928)
Time: Tue Feb 28 09:31:34 2023 RTZ 4 (s 10 , 64 bit Build 19041 (10.0.19041.928) elapsed time: 7.947585 seconds (0d 0h 0m 7s)

---------------  T H R E A D  ---------------

Current thread (0x000001caea8bc7a0):  VMThread "VM Thread" [stack: 0x0000008868600000,0x0000008868700000] [id=15012]

Stack: [0x0000008868600000,0x0000008868700000]
Native frames: (J=compiled Java code, j=interpreted, Vv=VM code, C=native code)
V  [jvm.dll+0x646e0a]
V  [jvm.dll+0x7f7f14]
V  [jvm.dll+0x7f96ce]
V  [jvm.dll+0x7f9d23]
V  [jvm.dll+0x234c98]
V  [jvm.dll+0x643d6a]
V  [jvm.dll+0x63849a]
V  [jvm.dll+0x2f2ed9]
V  [jvm.dll+0x2fa066]
V  [jvm.dll+0x345a2a]
V  [jvm.dll+0x345c6f]
V  [jvm.dll+0x2c9378]
V  [jvm.dll+0x2c7867]
V  [jvm.dll+0x2c6e4c]
V  [jvm.dll+0x309f6b]
V  [jvm.dll+0x7fe15b]
V  [jvm.dll+0x7fee38]
V  [jvm.dll+0x7ff365]
V  [jvm.dll+0x7ff734]
V  [jvm.dll+0x7ff7fe]
V  [jvm.dll+0x7aac5a]
V  [jvm.dll+0x645cd5]
C  [ucrtbase.dll+0x21bb2]
C  [KERNEL32.DLL+0x17034]
C  [ntdll.dll+0x52651]

VM_Operation (0x00000088680f8910): G1CollectForAllocation, mode: safepoint, requested by thread 0x000001cac5ea4710


---------------  P R O C E S S  ---------------

Threads class SMR info:
_java_thread_list=0x000001caf0f18c10, length=31, elements={
0x000001cac5ea4710, 0x000001caea8c12b0, 0x000001caea8c2030, 0x000001caea8d6dc0,
0x000001caea8dd7a0, 0x000001caea8de060, 0x000001caea8de920, 0x000001caea8e05d0,
0x000001caea8e4480, 0x000001caea8eeda0, 0x000001caeae84210, 0x000001caebd12900,
0x000001caebd12dd0, 0x000001caee88a690, 0x000001caee824ed0, 0x000001caee8253a0,
0x000001caee6d5900, 0x000001caee6d45c0, 0x000001caee6d6770, 0x000001caee6d6c40,
0x000001caee6d4a90, 0x000001caee6d4f60, 0x000001caee6d62a0, 0x000001caee6d7110,
0x000001caee6d3c20, 0x000001caee6d5dd0, 0x000001caee6d5430, 0x000001caee287720,
0x000001caee287250, 0x000001caee283d60, 0x000001caee282a20
}

Java Threads: ( => current thread )
  0x000001cac5ea4710 JavaThread "main" [_thread_blocked, id=3744, stack(0x0000008868000000,0x0000008868100000)]
  0x000001caea8c12b0 JavaThread "Reference Handler" daemon [_thread_blocked, id=6852, stack(0x0000008868700000,0x0000008868800000)]
  0x000001caea8c2030 JavaThread "Finalizer" daemon [_thread_blocked, id=13832, stack(0x0000008868800000,0x0000008868900000)]
  0x000001caea8d6dc0 JavaThread "Signal Dispatcher" daemon [_thread_blocked, id=17368, stack(0x0000008868900000,0x0000008868a00000)]
  0x000001caea8dd7a0 JavaThread "Attach Listener" daemon [_thread_blocked, id=13016, stack(0x0000008868a00000,0x0000008868b00000)]
  0x000001caea8de060 JavaThread "Service Thread" daemon [_thread_blocked, id=10340, stack(0x0000008868b00000,0x0000008868c00000)]
  0x000001caea8de920 JavaThread "Monitor Deflation Thread" daemon [_thread_blocked, id=14708, stack(0x0000008868c00000,0x0000008868d00000)]
  0x000001caea8e05d0 JavaThread "C2 CompilerThread0" daemon [_thread_blocked, id=15180, stack(0x0000008868d00000,0x0000008868e00000)]
  0x000001caea8e4480 JavaThread "C1 CompilerThread0" daemon [_thread_blocked, id=3948, stack(0x0000008868e00000,0x0000008868f00000)]
  0x000001caea8eeda0 JavaThread "Sweeper thread" daemon [_thread_blocked, id=11568, stack(0x0000008868f00000,0x0000008869000000)]
  0x000001caeae84210 JavaThread "Common-Cleaner" daemon [_thread_blocked, id=9076, stack(0x0000008869000000,0x0000008869100000)]
  0x000001caebd12900 JavaThread "Monitor Ctrl-Break" daemon [_thread_in_native, id=16852, stack(0x0000008869100000,0x0000008869200000)]
  0x000001caebd12dd0 JavaThread "Notification Thread" daemon [_thread_blocked, id=13948, stack(0x0000008869200000,0x0000008869300000)]
  0x000001caee88a690 JavaThread "Catalina-utility-1" [_thread_blocked, id=12660, stack(0x0000008869d00000,0x0000008869e00000)]
  0x000001caee824ed0 JavaThread "Catalina-utility-2" [_thread_blocked, id=18176, stack(0x0000008869e00000,0x0000008869f00000)]
  0x000001caee8253a0 JavaThread "container-0" [_thread_blocked, id=15228, stack(0x0000008869f00000,0x000000886a000000)]
  0x000001caee6d5900 JavaThread "HikariPool-1 housekeeper" daemon [_thread_blocked, id=1064, stack(0x000000886a000000,0x000000886a100000)]
  0x000001caee6d45c0 JavaThread "HikariPool-1 connection adder" daemon [_thread_blocked, id=6636, stack(0x000000886a100000,0x000000886a200000)]
  0x000001caee6d6770 JavaThread "http-nio-9999-exec-1" daemon [_thread_blocked, id=7884, stack(0x000000886a200000,0x000000886a300000)]
  0x000001caee6d6c40 JavaThread "http-nio-9999-exec-2" daemon [_thread_blocked, id=13140, stack(0x000000886a300000,0x000000886a400000)]
  0x000001caee6d4a90 JavaThread "http-nio-9999-exec-3" daemon [_thread_blocked, id=2084, stack(0x000000886a400000,0x000000886a500000)]
  0x000001caee6d4f60 JavaThread "http-nio-9999-exec-4" daemon [_thread_blocked, id=17976, stack(0x000000886a500000,0x000000886a600000)]
  0x000001caee6d62a0 JavaThread "http-nio-9999-exec-5" daemon [_thread_blocked, id=6648, stack(0x000000886a600000,0x000000886a700000)]
  0x000001caee6d7110 JavaThread "http-nio-9999-exec-6" daemon [_thread_blocked, id=15324, stack(0x000000886a700000,0x000000886a800000)]
  0x000001caee6d3c20 JavaThread "http-nio-9999-exec-7" daemon [_thread_blocked, id=6504, stack(0x000000886a800000,0x000000886a900000)]
  0x000001caee6d5dd0 JavaThread "http-nio-9999-exec-8" daemon [_thread_blocked, id=4240, stack(0x000000886a900000,0x000000886aa00000)]
  0x000001caee6d5430 JavaThread "http-nio-9999-exec-9" daemon [_thread_blocked, id=17832, stack(0x000000886aa00000,0x000000886ab00000)]
  0x000001caee287720 JavaThread "http-nio-9999-exec-10" daemon [_thread_blocked, id=16120, stack(0x000000886ab00000,0x000000886ac00000)]
  0x000001caee287250 JavaThread "http-nio-9999-Poller" daemon [_thread_in_native, id=14772, stack(0x000000886ac00000,0x000000886ad00000)]
  0x000001caee283d60 JavaThread "http-nio-9999-Acceptor" daemon [_thread_in_native, id=8148, stack(0x000000886ad00000,0x000000886ae00000)]
  0x000001caee282a20 JavaThread "scheduling-1" [_thread_blocked, id=2208, stack(0x000000886ae00000,0x000000886af00000)]

Other Threads:
=>0x000001caea8bc7a0 VMThread "VM Thread" [stack: 0x0000008868600000,0x0000008868700000] [id=15012]
  0x000001cac5f28e90 WatcherThread [stack: 0x0000008869300000,0x0000008869400000] [id=13596]
  0x000001cac5f11290 GCTaskThread "GC Thread#0" [stack: 0x0000008868100000,0x0000008868200000] [id=6448]
  0x000001caebf553e0 GCTaskThread "GC Thread#1" [stack: 0x0000008869400000,0x0000008869500000] [id=10464]
  0x000001caec6b4090 GCTaskThread "GC Thread#2" [stack: 0x0000008869500000,0x0000008869600000] [id=12524]
  0x000001caec6b4b60 GCTaskThread "GC Thread#3" [stack: 0x0000008869600000,0x0000008869700000] [id=8648]
  0x000001caec671050 GCTaskThread "GC Thread#4" [stack: 0x0000008869700000,0x0000008869800000] [id=9600]
  0x000001caec671b90 GCTaskThread "GC Thread#5" [stack: 0x0000008869800000,0x0000008869900000] [id=3960]
  0x000001caecf96820 GCTaskThread "GC Thread#6" [stack: 0x0000008869a00000,0x0000008869b00000] [id=5400]
  0x000001caed2bd1f0 GCTaskThread "GC Thread#7" [stack: 0x0000008869b00000,0x0000008869c00000] [id=4040]
  0x000001cac5dddeb0 ConcurrentGCThread "G1 Main Marker" [stack: 0x0000008868200000,0x0000008868300000] [id=11116]
  0x000001cac5f1efa0 ConcurrentGCThread "G1 Conc#0" [stack: 0x0000008868300000,0x0000008868400000] [id=14076]
  0x000001caecdf8d80 ConcurrentGCThread "G1 Conc#1" [stack: 0x0000008869c00000,0x0000008869d00000] [id=11324]
  0x000001caea7f79d0 ConcurrentGCThread "G1 Refine#0" [stack: 0x0000008868400000,0x0000008868500000] [id=7200]
  0x000001caece64490 ConcurrentGCThread "G1 Refine#1" [stack: 0x0000008869900000,0x0000008869a00000] [id=10112]
  0x000001caea7f8300 ConcurrentGCThread "G1 Service" [stack: 0x0000008868500000,0x0000008868600000] [id=5416]

Threads with active compile tasks:
C2 CompilerThread0     7963 7128       4       org.springframework.util.ConcurrentReferenceHashMap$Segment::getReference (55 bytes)

VM state: at safepoint (normal execution)

VM Mutex/Monitor currently owned by a thread:  ([mutex/lock_event])
[0x000001cac5e9ff30] Threads_lock - owner thread: 0x000001caea8bc7a0
[0x000001cac5ea08c0] Heap_lock - owner thread: 0x000001cac5ea4710

Heap address: 0x0000000703000000, size: 4048 MB, Compressed Oops mode: Zero based, Oop shift amount: 3

CDS archive(s) mapped at: [0x0000000800000000-0x0000000800bc0000-0x0000000800bc0000), size 12320768, SharedBaseAddress: 0x0000000800000000, ArchiveRelocationMode: 0.
Compressed class space mapped at: 0x0000000800c00000-0x0000000840c00000, reserved size: 1073741824
Narrow klass base: 0x0000000800000000, Narrow klass shift: 0, Narrow klass range: 0x100000000

GC Precious Log:
 CPUs: 8 total, 8 available
 Memory: 16185M
 Large Page Support: Disabled
 NUMA Support: Disabled
 Compressed Oops: Enabled (Zero based)
 Heap Region Size: 2M
 Heap Min Capacity: 8M
 Heap Initial Capacity: 254M
 Heap Max Capacity: 4048M
 Pre-touch: Disabled
 Parallel Workers: 8
 Concurrent Workers: 2
 Concurrent Refinement Workers: 8
 Periodic GC: Disabled

Heap:
 garbage-first heap   total 364544K, used 236092K [0x0000000703000000, 0x0000000800000000)
  region size 2048K, 1 young (2048K), 1 survivors (2048K)
 Metaspace       used 72062K, committed 72640K, reserved 1114112K
  class space    used 9354K, committed 9600K, reserved 1048576K

Heap Regions: E=young(eden), S=young(survivor), O=old, HS=humongous(starts), HC=humongous(continues), CS=collection set, F=free, OA=open archive, CA=closed archive, TAMS=top-at-mark-start (previous, next)
|   0|0x0000000703000000, 0x0000000703200000, 0x0000000703200000|100%| O|  |TAMS 0x0000000703200000, 0x0000000703000000| Untracked 
|   1|0x0000000703200000, 0x0000000703400000, 0x0000000703400000|100%| O|  |TAMS 0x0000000703400000, 0x0000000703200000| Untracked 
|   2|0x0000000703400000, 0x0000000703600000, 0x0000000703600000|100%| O|  |TAMS 0x0000000703600000, 0x0000000703400000| Untracked 
|   3|0x0000000703600000, 0x0000000703800000, 0x0000000703800000|100%| O|  |TAMS 0x0000000703800000, 0x0000000703600000| Untracked 
|   4|0x0000000703800000, 0x0000000703a00000, 0x0000000703a00000|100%| O|  |TAMS 0x0000000703a00000, 0x0000000703800000| Untracked 
|   5|0x0000000703a00000, 0x0000000703c00000, 0x0000000703c00000|100%| O|  |TAMS 0x0000000703c00000, 0x0000000703a00000| Untracked 
|   6|0x0000000703c00000, 0x0000000703e00000, 0x0000000703e00000|100%| O|  |TAMS 0x0000000703e00000, 0x0000000703c00000| Untracked 
|   7|0x0000000703e00000, 0x0000000704000000, 0x0000000704000000|100%| O|  |TAMS 0x0000000704000000, 0x0000000703e00000| Untracked 
|   8|0x0000000704000000, 0x0000000704200000, 0x0000000704200000|100%| O|  |TAMS 0x0000000704200000, 0x0000000704000000| Untracked 
|   9|0x0000000704200000, 0x0000000704400000, 0x0000000704400000|100%| O|  |TAMS 0x0000000704400000, 0x0000000704200000| Untracked 
|  10|0x0000000704400000, 0x0000000704600000, 0x0000000704600000|100%| O|  |TAMS 0x0000000704600000, 0x0000000704400000| Untracked 
|  11|0x0000000704600000, 0x0000000704800000, 0x0000000704800000|100%| O|  |TAMS 0x0000000704800000, 0x0000000704600000| Untracked 
|  12|0x0000000704800000, 0x0000000704a00000, 0x0000000704a00000|100%| O|  |TAMS 0x0000000704a00000, 0x0000000704800000| Untracked 
|  13|0x0000000704a00000, 0x0000000704c00000, 0x0000000704c00000|100%| O|  |TAMS 0x0000000704c00000, 0x0000000704a00000| Untracked 
|  14|0x0000000704c00000, 0x0000000704e00000, 0x0000000704e00000|100%| O|  |TAMS 0x0000000704e00000, 0x0000000704c00000| Untracked 
|  15|0x0000000704e00000, 0x0000000705000000, 0x0000000705000000|100%| O|  |TAMS 0x0000000705000000, 0x0000000704e00000| Untracked 
|  16|0x0000000705000000, 0x0000000705200000, 0x0000000705200000|100%| O|  |TAMS 0x0000000705000000, 0x0000000705000000| Untracked 
|  17|0x0000000705200000, 0x0000000705400000, 0x0000000705400000|100%| O|  |TAMS 0x0000000705200000, 0x0000000705200000| Untracked 
|  18|0x0000000705400000, 0x0000000705600000, 0x0000000705600000|100%| O|  |TAMS 0x0000000705400000, 0x0000000705400000| Untracked 
|  19|0x0000000705600000, 0x0000000705800000, 0x0000000705800000|100%| O|  |TAMS 0x0000000705600000, 0x0000000705600000| Untracked 
|  20|0x0000000705800000, 0x0000000705a00000, 0x0000000705a00000|100%| O|  |TAMS 0x0000000705800000, 0x0000000705800000| Untracked 
|  21|0x0000000705a00000, 0x0000000705c00000, 0x0000000705c00000|100%| O|  |TAMS 0x0000000705a00000, 0x0000000705a00000| Untracked 
|  22|0x0000000705c00000, 0x0000000705e00000, 0x0000000705e00000|100%| O|  |TAMS 0x0000000705e00000, 0x0000000705c00000| Untracked 
|  23|0x0000000705e00000, 0x0000000706000000, 0x0000000706000000|100%| O|  |TAMS 0x0000000705e00000, 0x0000000705e00000| Untracked 
|  24|0x0000000706000000, 0x0000000706200000, 0x0000000706200000|100%| O|  |TAMS 0x0000000706200000, 0x0000000706000000| Untracked 
|  25|0x0000000706200000, 0x0000000706400000, 0x0000000706400000|100%| O|  |TAMS 0x0000000706400000, 0x0000000706200000| Untracked 
|  26|0x0000000706400000, 0x0000000706600000, 0x0000000706600000|100%| O|  |TAMS 0x0000000706400000, 0x0000000706400000| Untracked 
|  27|0x0000000706600000, 0x0000000706800000, 0x0000000706800000|100%| O|  |TAMS 0x0000000706600000, 0x0000000706600000| Untracked 
|  28|0x0000000706800000, 0x0000000706a00000, 0x0000000706a00000|100%| O|  |TAMS 0x0000000706800000, 0x0000000706800000| Untracked 
|  29|0x0000000706a00000, 0x0000000706c00000, 0x0000000706c00000|100%| O|  |TAMS 0x0000000706a00000, 0x0000000706a00000| Untracked 
|  30|0x0000000706c00000, 0x0000000706e00000, 0x0000000706e00000|100%| O|  |TAMS 0x0000000706e00000, 0x0000000706c00000| Untracked 
|  31|0x0000000706e00000, 0x0000000707000000, 0x0000000707000000|100%| O|  |TAMS 0x0000000707000000, 0x0000000706e00000| Untracked 
|  32|0x0000000707000000, 0x0000000707200000, 0x0000000707200000|100%| O|  |TAMS 0x0000000707000000, 0x0000000707000000| Untracked 
|  33|0x0000000707200000, 0x0000000707400000, 0x0000000707400000|100%| O|  |TAMS 0x0000000707200000, 0x0000000707200000| Untracked 
|  34|0x0000000707400000, 0x0000000707600000, 0x0000000707600000|100%| O|  |TAMS 0x0000000707400000, 0x0000000707400000| Untracked 
|  35|0x0000000707600000, 0x0000000707800000, 0x0000000707800000|100%| O|  |TAMS 0x0000000707600000, 0x0000000707600000| Untracked 
|  36|0x0000000707800000, 0x0000000707a00000, 0x0000000707a00000|100%| O|  |TAMS 0x0000000707800000, 0x0000000707800000| Untracked 
|  37|0x0000000707a00000, 0x0000000707c00000, 0x0000000707c00000|100%| O|  |TAMS 0x0000000707a00000, 0x0000000707a00000| Untracked 
|  38|0x0000000707c00000, 0x0000000707e00000, 0x0000000707e00000|100%| O|  |TAMS 0x0000000707c00000, 0x0000000707c00000| Untracked 
|  39|0x0000000707e00000, 0x0000000708000000, 0x0000000708000000|100%| O|  |TAMS 0x0000000707e00000, 0x0000000707e00000| Untracked 
|  40|0x0000000708000000, 0x0000000708200000, 0x0000000708200000|100%| O|  |TAMS 0x0000000708000000, 0x0000000708000000| Untracked 
|  41|0x0000000708200000, 0x0000000708400000, 0x0000000708400000|100%| O|  |TAMS 0x0000000708200000, 0x0000000708200000| Untracked 
|  42|0x0000000708400000, 0x0000000708600000, 0x0000000708600000|100%| O|  |TAMS 0x0000000708400000, 0x0000000708400000| Untracked 
|  43|0x0000000708600000, 0x0000000708800000, 0x0000000708800000|100%| O|  |TAMS 0x0000000708600000, 0x0000000708600000| Untracked 
|  44|0x0000000708800000, 0x0000000708a00000, 0x0000000708a00000|100%| O|  |TAMS 0x0000000708800000, 0x0000000708800000| Untracked 
|  45|0x0000000708a00000, 0x0000000708c00000, 0x0000000708c00000|100%| O|  |TAMS 0x0000000708a00000, 0x0000000708a00000| Untracked 
|  46|0x0000000708c00000, 0x0000000708e00000, 0x0000000708e00000|100%| O|  |TAMS 0x0000000708c00000, 0x0000000708c00000| Untracked 
|  47|0x0000000708e00000, 0x0000000709000000, 0x0000000709000000|100%| O|  |TAMS 0x0000000708e00000, 0x0000000708e00000| Untracked 
|  48|0x0000000709000000, 0x0000000709200000, 0x0000000709200000|100%| O|  |TAMS 0x0000000709000000, 0x0000000709000000| Untracked 
|  49|0x0000000709200000, 0x0000000709400000, 0x0000000709400000|100%| O|  |TAMS 0x0000000709200000, 0x0000000709200000| Untracked 
|  50|0x0000000709400000, 0x0000000709600000, 0x0000000709600000|100%| O|  |TAMS 0x0000000709400000, 0x0000000709400000| Untracked 
|  51|0x0000000709600000, 0x0000000709800000, 0x0000000709800000|100%| O|  |TAMS 0x0000000709740200, 0x0000000709600000| Untracked 
|  52|0x0000000709800000, 0x0000000709a00000, 0x0000000709a00000|100%| O|  |TAMS 0x0000000709800000, 0x0000000709800000| Untracked 
|  53|0x0000000709a00000, 0x0000000709c00000, 0x0000000709c00000|100%| O|  |TAMS 0x0000000709a00000, 0x0000000709a00000| Untracked 
|  54|0x0000000709c00000, 0x0000000709e00000, 0x0000000709e00000|100%| O|  |TAMS 0x0000000709c00000, 0x0000000709c00000| Untracked 
|  55|0x0000000709e00000, 0x000000070a000000, 0x000000070a000000|100%| O|  |TAMS 0x0000000709e00000, 0x0000000709e00000| Untracked 
|  56|0x000000070a000000, 0x000000070a200000, 0x000000070a200000|100%| O|  |TAMS 0x000000070a000000, 0x000000070a000000| Untracked 
|  57|0x000000070a200000, 0x000000070a400000, 0x000000070a400000|100%| O|  |TAMS 0x000000070a200000, 0x000000070a200000| Untracked 
|  58|0x000000070a400000, 0x000000070a600000, 0x000000070a600000|100%| O|  |TAMS 0x000000070a400000, 0x000000070a400000| Untracked 
|  59|0x000000070a600000, 0x000000070a800000, 0x000000070a800000|100%| O|  |TAMS 0x000000070a600000, 0x000000070a600000| Untracked 
|  60|0x000000070a800000, 0x000000070aa00000, 0x000000070aa00000|100%| O|  |TAMS 0x000000070a800000, 0x000000070a800000| Untracked 
|  61|0x000000070aa00000, 0x000000070ac00000, 0x000000070ac00000|100%| O|  |TAMS 0x000000070aa00000, 0x000000070aa00000| Untracked 
|  62|0x000000070ac00000, 0x000000070ae00000, 0x000000070ae00000|100%| O|  |TAMS 0x000000070ac00000, 0x000000070ac00000| Untracked 
|  63|0x000000070ae00000, 0x000000070b000000, 0x000000070b000000|100%| O|  |TAMS 0x000000070ae00000, 0x000000070ae00000| Untracked 
|  64|0x000000070b000000, 0x000000070b200000, 0x000000070b200000|100%| O|  |TAMS 0x000000070b000000, 0x000000070b000000| Untracked 
|  65|0x000000070b200000, 0x000000070b400000, 0x000000070b400000|100%| O|  |TAMS 0x000000070b200000, 0x000000070b200000| Untracked 
|  66|0x000000070b400000, 0x000000070b600000, 0x000000070b600000|100%| O|  |TAMS 0x000000070b400000, 0x000000070b400000| Untracked 
|  67|0x000000070b600000, 0x000000070b800000, 0x000000070b800000|100%| O|  |TAMS 0x000000070b600000, 0x000000070b600000| Untracked 
|  68|0x000000070b800000, 0x000000070ba00000, 0x000000070ba00000|100%| O|  |TAMS 0x000000070b800000, 0x000000070b800000| Untracked 
|  69|0x000000070ba00000, 0x000000070bc00000, 0x000000070bc00000|100%| O|  |TAMS 0x000000070ba00000, 0x000000070ba00000| Untracked 
|  70|0x000000070bc00000, 0x000000070be00000, 0x000000070be00000|100%| O|  |TAMS 0x000000070bc00000, 0x000000070bc00000| Untracked 
|  71|0x000000070be00000, 0x000000070c000000, 0x000000070c000000|100%| O|  |TAMS 0x000000070be00000, 0x000000070be00000| Untracked 
|  72|0x000000070c000000, 0x000000070c200000, 0x000000070c200000|100%| O|  |TAMS 0x000000070c000000, 0x000000070c000000| Untracked 
|  73|0x000000070c200000, 0x000000070c400000, 0x000000070c400000|100%| O|  |TAMS 0x000000070c200000, 0x000000070c200000| Untracked 
|  74|0x000000070c400000, 0x000000070c600000, 0x000000070c600000|100%| O|  |TAMS 0x000000070c400000, 0x000000070c400000| Untracked 
|  75|0x000000070c600000, 0x000000070c800000, 0x000000070c800000|100%| O|  |TAMS 0x000000070c600000, 0x000000070c600000| Untracked 
|  76|0x000000070c800000, 0x000000070ca00000, 0x000000070ca00000|100%| O|  |TAMS 0x000000070c800000, 0x000000070c800000| Untracked 
|  77|0x000000070ca00000, 0x000000070cc00000, 0x000000070cc00000|100%| O|  |TAMS 0x000000070ca00000, 0x000000070ca00000| Untracked 
|  78|0x000000070cc00000, 0x000000070ce00000, 0x000000070ce00000|100%| O|  |TAMS 0x000000070cc00000, 0x000000070cc00000| Untracked 
|  79|0x000000070ce00000, 0x000000070d000000, 0x000000070d000000|100%| O|  |TAMS 0x000000070ce00000, 0x000000070ce00000| Untracked 
|  80|0x000000070d000000, 0x000000070d200000, 0x000000070d200000|100%| O|  |TAMS 0x000000070d000000, 0x000000070d000000| Untracked 
|  81|0x000000070d200000, 0x000000070d400000, 0x000000070d400000|100%| O|  |TAMS 0x000000070d200000, 0x000000070d200000| Untracked 
|  82|0x000000070d400000, 0x000000070d600000, 0x000000070d600000|100%| O|  |TAMS 0x000000070d400000, 0x000000070d400000| Untracked 
|  83|0x000000070d600000, 0x000000070d800000, 0x000000070d800000|100%| O|  |TAMS 0x000000070d600000, 0x000000070d600000| Untracked 
|  84|0x000000070d800000, 0x000000070da00000, 0x000000070da00000|100%| O|  |TAMS 0x000000070d800000, 0x000000070d800000| Untracked 
|  85|0x000000070da00000, 0x000000070dc00000, 0x000000070dc00000|100%| O|  |TAMS 0x000000070da00000, 0x000000070da00000| Untracked 
|  86|0x000000070dc00000, 0x000000070de00000, 0x000000070de00000|100%| O|  |TAMS 0x000000070dc00000, 0x000000070dc00000| Untracked 
|  87|0x000000070de00000, 0x000000070e000000, 0x000000070e000000|100%| O|  |TAMS 0x000000070de00000, 0x000000070de00000| Untracked 
|  88|0x000000070e000000, 0x000000070e200000, 0x000000070e200000|100%| O|  |TAMS 0x000000070e000000, 0x000000070e000000| Untracked 
|  89|0x000000070e200000, 0x000000070e400000, 0x000000070e400000|100%| O|  |TAMS 0x000000070e200000, 0x000000070e200000| Untracked 
|  90|0x000000070e400000, 0x000000070e600000, 0x000000070e600000|100%| O|  |TAMS 0x000000070e400000, 0x000000070e400000| Untracked 
|  91|0x000000070e600000, 0x000000070e800000, 0x000000070e800000|100%| O|  |TAMS 0x000000070e600000, 0x000000070e600000| Untracked 
|  92|0x000000070e800000, 0x000000070ea00000, 0x000000070ea00000|100%| O|  |TAMS 0x000000070e800000, 0x000000070e800000| Untracked 
|  93|0x000000070ea00000, 0x000000070ec00000, 0x000000070ec00000|100%| O|  |TAMS 0x000000070ea00000, 0x000000070ea00000| Untracked 
|  94|0x000000070ec00000, 0x000000070ee00000, 0x000000070ee00000|100%| O|  |TAMS 0x000000070ec00000, 0x000000070ec00000| Untracked 
|  95|0x000000070ee00000, 0x000000070f000000, 0x000000070f000000|100%| O|  |TAMS 0x000000070ee00000, 0x000000070ee00000| Untracked 
|  96|0x000000070f000000, 0x000000070f200000, 0x000000070f200000|100%| O|  |TAMS 0x000000070f000000, 0x000000070f000000| Untracked 
|  97|0x000000070f200000, 0x000000070f400000, 0x000000070f400000|100%| O|  |TAMS 0x000000070f200000, 0x000000070f200000| Untracked 
|  98|0x000000070f400000, 0x000000070f600000, 0x000000070f600000|100%| O|  |TAMS 0x000000070f400000, 0x000000070f400000| Untracked 
|  99|0x000000070f600000, 0x000000070f800000, 0x000000070f800000|100%| O|  |TAMS 0x000000070f600000, 0x000000070f600000| Untracked 
| 100|0x000000070f800000, 0x000000070fa00000, 0x000000070fa00000|100%| O|  |TAMS 0x000000070f800000, 0x000000070f800000| Untracked 
| 101|0x000000070fa00000, 0x000000070fc00000, 0x000000070fc00000|100%| O|  |TAMS 0x000000070fa00000, 0x000000070fa00000| Untracked 
| 102|0x000000070fc00000, 0x000000070fe00000, 0x000000070fe00000|100%| O|  |TAMS 0x000000070fc00000, 0x000000070fc00000| Untracked 
| 103|0x000000070fe00000, 0x0000000710000000, 0x0000000710000000|100%| O|  |TAMS 0x000000070fe00000, 0x000000070fe00000| Untracked 
| 104|0x0000000710000000, 0x0000000710200000, 0x0000000710200000|100%| O|  |TAMS 0x0000000710000000, 0x0000000710000000| Untracked 
| 105|0x0000000710200000, 0x0000000710400000, 0x0000000710400000|100%| O|  |TAMS 0x0000000710200000, 0x0000000710200000| Untracked 
| 106|0x0000000710400000, 0x0000000710600000, 0x0000000710600000|100%| O|  |TAMS 0x0000000710400000, 0x0000000710400000| Untracked 
| 107|0x0000000710600000, 0x0000000710800000, 0x0000000710800000|100%| O|  |TAMS 0x0000000710600000, 0x0000000710600000| Untracked 
| 108|0x0000000710800000, 0x0000000710a00000, 0x0000000710a00000|100%| O|  |TAMS 0x0000000710800000, 0x0000000710800000| Untracked 
| 109|0x0000000710a00000, 0x0000000710c00000, 0x0000000710c00000|100%| O|  |TAMS 0x0000000710a00000, 0x0000000710a00000| Untracked 
| 110|0x0000000710c00000, 0x0000000710e00000, 0x0000000710e00000|100%| O|  |TAMS 0x0000000710c00000, 0x0000000710c00000| Untracked 
| 111|0x0000000710e00000, 0x0000000711000000, 0x0000000711000000|100%| O|  |TAMS 0x0000000710e00000, 0x0000000710e00000| Untracked 
| 112|0x0000000711000000, 0x0000000711200000, 0x0000000711200000|100%| O|  |TAMS 0x0000000711000000, 0x0000000711000000| Untracked 
| 113|0x0000000711200000, 0x0000000711400000, 0x0000000711400000|100%| O|  |TAMS 0x0000000711200000, 0x0000000711200000| Untracked 
| 114|0x0000000711400000, 0x0000000711600000, 0x0000000711600000|100%| O|  |TAMS 0x0000000711400000, 0x0000000711400000| Untracked 
| 115|0x0000000711600000, 0x0000000711661400, 0x0000000711800000| 18%| O|  |TAMS 0x0000000711600000, 0x0000000711600000| Untracked 
| 116|0x0000000711800000, 0x0000000711800000, 0x0000000711a00000|  0%| F|  |TAMS 0x0000000711800000, 0x0000000711800000| Untracked 
| 117|0x0000000711a00000, 0x0000000711a00000, 0x0000000711c00000|  0%| F|  |TAMS 0x0000000711a00000, 0x0000000711a00000| Untracked 
| 118|0x0000000711c00000, 0x0000000711c00000, 0x0000000711e00000|  0%| F|  |TAMS 0x0000000711c00000, 0x0000000711c00000| Untracked 
| 119|0x0000000711e00000, 0x0000000711e00000, 0x0000000712000000|  0%| F|  |TAMS 0x0000000711e00000, 0x0000000711e00000| Untracked 
| 120|0x0000000712000000, 0x0000000712000000, 0x0000000712200000|  0%| F|  |TAMS 0x0000000712000000, 0x0000000712000000| Untracked 
| 121|0x0000000712200000, 0x0000000712200000, 0x0000000712400000|  0%| F|  |TAMS 0x0000000712200000, 0x0000000712200000| Untracked 
| 122|0x0000000712400000, 0x0000000712400000, 0x0000000712600000|  0%| F|  |TAMS 0x0000000712400000, 0x0000000712400000| Untracked 
| 123|0x0000000712600000, 0x0000000712600000, 0x0000000712800000|  0%| F|  |TAMS 0x0000000712600000, 0x0000000712600000| Untracked 
| 124|0x0000000712800000, 0x0000000712800000, 0x0000000712a00000|  0%| F|  |TAMS 0x0000000712800000, 0x0000000712800000| Untracked 
| 125|0x0000000712a00000, 0x0000000712a00000, 0x0000000712c00000|  0%| F|  |TAMS 0x0000000712a00000, 0x0000000712a00000| Untracked 
| 126|0x0000000712c00000, 0x0000000712c00000, 0x0000000712e00000|  0%| F|  |TAMS 0x0000000712c00000, 0x0000000712c00000| Untracked 
| 127|0x0000000712e00000, 0x0000000712e00000, 0x0000000713000000|  0%| F|  |TAMS 0x0000000712e00000, 0x0000000712e00000| Untracked 
| 128|0x0000000713000000, 0x0000000713000000, 0x0000000713200000|  0%| F|  |TAMS 0x0000000713000000, 0x0000000713000000| Untracked 
| 129|0x0000000713200000, 0x0000000713200000, 0x0000000713400000|  0%| F|  |TAMS 0x0000000713200000, 0x0000000713200000| Untracked 
| 130|0x0000000713400000, 0x0000000713400000, 0x0000000713600000|  0%| F|  |TAMS 0x0000000713400000, 0x0000000713400000| Untracked 
| 131|0x0000000713600000, 0x0000000713600000, 0x0000000713800000|  0%| F|  |TAMS 0x0000000713600000, 0x0000000713600000| Untracked 
| 132|0x0000000713800000, 0x0000000713800000, 0x0000000713a00000|  0%| F|  |TAMS 0x0000000713800000, 0x0000000713800000| Untracked 
| 133|0x0000000713a00000, 0x0000000713a00000, 0x0000000713c00000|  0%| F|  |TAMS 0x0000000713a00000, 0x0000000713a00000| Untracked 
| 134|0x0000000713c00000, 0x0000000713c00000, 0x0000000713e00000|  0%| F|  |TAMS 0x0000000713c00000, 0x0000000713c00000| Untracked 
| 135|0x0000000713e00000, 0x0000000713e00000, 0x0000000714000000|  0%| F|  |TAMS 0x0000000713e00000, 0x0000000713e00000| Untracked 
| 136|0x0000000714000000, 0x0000000714000000, 0x0000000714200000|  0%| F|  |TAMS 0x0000000714000000, 0x0000000714000000| Untracked 
| 137|0x0000000714200000, 0x0000000714200000, 0x0000000714400000|  0%| F|  |TAMS 0x0000000714200000, 0x0000000714200000| Untracked 
| 138|0x0000000714400000, 0x0000000714400000, 0x0000000714600000|  0%| F|  |TAMS 0x0000000714400000, 0x0000000714400000| Untracked 
| 139|0x0000000714600000, 0x0000000714600000, 0x0000000714800000|  0%| F|  |TAMS 0x0000000714600000, 0x0000000714600000| Untracked 
| 140|0x0000000714800000, 0x0000000714800000, 0x0000000714a00000|  0%| F|  |TAMS 0x0000000714800000, 0x0000000714800000| Untracked 
| 141|0x0000000714a00000, 0x0000000714a00000, 0x0000000714c00000|  0%| F|  |TAMS 0x0000000714a00000, 0x0000000714a00000| Untracked 
| 142|0x0000000714c00000, 0x0000000714c00000, 0x0000000714e00000|  0%| F|  |TAMS 0x0000000714c00000, 0x0000000714c00000| Untracked 
| 143|0x0000000714e00000, 0x0000000714e00000, 0x0000000715000000|  0%| F|  |TAMS 0x0000000714e00000, 0x0000000714e00000| Untracked 
| 144|0x0000000715000000, 0x0000000715000000, 0x0000000715200000|  0%| F|  |TAMS 0x0000000715000000, 0x0000000715000000| Untracked 
| 145|0x0000000715200000, 0x0000000715200000, 0x0000000715400000|  0%| F|  |TAMS 0x0000000715200000, 0x0000000715200000| Untracked 
| 146|0x0000000715400000, 0x0000000715400000, 0x0000000715600000|  0%| F|  |TAMS 0x0000000715400000, 0x0000000715400000| Untracked 
| 147|0x0000000715600000, 0x0000000715600000, 0x0000000715800000|  0%| F|  |TAMS 0x0000000715600000, 0x0000000715600000| Untracked 
| 148|0x0000000715800000, 0x0000000715800000, 0x0000000715a00000|  0%| F|  |TAMS 0x0000000715800000, 0x0000000715800000| Untracked 
| 149|0x0000000715a00000, 0x0000000715a00000, 0x0000000715c00000|  0%| F|  |TAMS 0x0000000715a00000, 0x0000000715a00000| Untracked 
| 150|0x0000000715c00000, 0x0000000715c00000, 0x0000000715e00000|  0%| F|  |TAMS 0x0000000715c00000, 0x0000000715c00000| Untracked 
| 151|0x0000000715e00000, 0x0000000715e00000, 0x0000000716000000|  0%| F|  |TAMS 0x0000000715e00000, 0x0000000715e00000| Untracked 
| 152|0x0000000716000000, 0x0000000716000000, 0x0000000716200000|  0%| F|  |TAMS 0x0000000716000000, 0x0000000716000000| Untracked 
| 153|0x0000000716200000, 0x0000000716200000, 0x0000000716400000|  0%| F|  |TAMS 0x0000000716200000, 0x0000000716200000| Untracked 
| 154|0x0000000716400000, 0x0000000716400000, 0x0000000716600000|  0%| F|  |TAMS 0x0000000716400000, 0x0000000716400000| Untracked 
| 155|0x0000000716600000, 0x0000000716600000, 0x0000000716800000|  0%| F|  |TAMS 0x0000000716600000, 0x0000000716600000| Untracked 
| 156|0x0000000716800000, 0x0000000716800000, 0x0000000716a00000|  0%| F|  |TAMS 0x0000000716800000, 0x0000000716800000| Untracked 
| 157|0x0000000716a00000, 0x0000000716a00000, 0x0000000716c00000|  0%| F|  |TAMS 0x0000000716a00000, 0x0000000716a00000| Untracked 
| 158|0x0000000716c00000, 0x0000000716c00000, 0x0000000716e00000|  0%| F|  |TAMS 0x0000000716c00000, 0x0000000716c00000| Untracked 
| 159|0x0000000716e00000, 0x0000000716e00000, 0x0000000717000000|  0%| F|  |TAMS 0x0000000716e00000, 0x0000000716e00000| Untracked 
| 160|0x0000000717000000, 0x0000000717000000, 0x0000000717200000|  0%| F|  |TAMS 0x0000000717000000, 0x0000000717000000| Untracked 
| 161|0x0000000717200000, 0x0000000717200000, 0x0000000717400000|  0%| F|  |TAMS 0x0000000717200000, 0x0000000717200000| Untracked 
| 162|0x0000000717400000, 0x0000000717400000, 0x0000000717600000|  0%| F|  |TAMS 0x0000000717400000, 0x0000000717400000| Untracked 
| 163|0x0000000717600000, 0x0000000717600000, 0x0000000717800000|  0%| F|  |TAMS 0x0000000717600000, 0x0000000717600000| Untracked 
| 164|0x0000000717800000, 0x0000000717800000, 0x0000000717a00000|  0%| F|  |TAMS 0x0000000717800000, 0x0000000717800000| Untracked 
| 165|0x0000000717a00000, 0x0000000717a2df18, 0x0000000717c00000|  8%| S|CS|TAMS 0x0000000717a00000, 0x0000000717a00000| Complete 
| 166|0x0000000717c00000, 0x0000000717c00000, 0x0000000717e00000|  0%| F|  |TAMS 0x0000000717c00000, 0x0000000717c00000| Untracked 
| 167|0x0000000717e00000, 0x0000000717e00000, 0x0000000718000000|  0%| F|  |TAMS 0x0000000717e00000, 0x0000000717e00000| Untracked 
| 168|0x0000000718000000, 0x0000000718000000, 0x0000000718200000|  0%| F|  |TAMS 0x0000000718000000, 0x0000000718000000| Untracked 
| 169|0x0000000718200000, 0x0000000718200000, 0x0000000718400000|  0%| F|  |TAMS 0x0000000718200000, 0x0000000718200000| Untracked 
| 170|0x0000000718400000, 0x0000000718400000, 0x0000000718600000|  0%| F|  |TAMS 0x0000000718400000, 0x0000000718400000| Untracked 
| 171|0x0000000718600000, 0x0000000718600000, 0x0000000718800000|  0%| F|  |TAMS 0x0000000718600000, 0x0000000718600000| Untracked 
| 172|0x0000000718800000, 0x0000000718800000, 0x0000000718a00000|  0%| F|  |TAMS 0x0000000718800000, 0x0000000718800000| Untracked 
| 173|0x0000000718a00000, 0x0000000718a00000, 0x0000000718c00000|  0%| F|  |TAMS 0x0000000718a00000, 0x0000000718a00000| Untracked 
| 174|0x0000000718c00000, 0x0000000718c00000, 0x0000000718e00000|  0%| F|  |TAMS 0x0000000718c00000, 0x0000000718c00000| Untracked 
| 175|0x0000000718e00000, 0x0000000718e00000, 0x0000000719000000|  0%| F|  |TAMS 0x0000000718e00000, 0x0000000718e00000| Untracked 
| 176|0x0000000719000000, 0x0000000719000000, 0x0000000719200000|  0%| F|  |TAMS 0x0000000719000000, 0x0000000719000000| Untracked 
| 177|0x0000000719200000, 0x0000000719200000, 0x0000000719400000|  0%| F|  |TAMS 0x0000000719200000, 0x0000000719200000| Untracked 

Card table byte_map: [0x000001cadf3e0000,0x000001cadfbd0000] _byte_map_base: 0x000001cadbbc8000

Marking Bits (Prev, Next): (CMBitMap*) 0x000001cac5f12800, (CMBitMap*) 0x000001cac5f127c0
 Prev Bits: [0x000001cae4300000, 0x000001cae8240000)
 Next Bits: [0x000001cae03c0000, 0x000001cae4300000)

Polling page: 0x000001cac5f50000

Metaspace:

Usage:
  Non-class:     61.24 MB used.
      Class:      9.14 MB used.
       Both:     70.37 MB used.

Virtual space:
  Non-class space:       64.00 MB reserved,      61.56 MB ( 96%) committed,  8 nodes.
      Class space:        1.00 GB reserved,       9.38 MB ( <1%) committed,  1 nodes.
             Both:        1.06 GB reserved,      70.94 MB (  7%) committed. 

Chunk freelists:
   Non-Class:  1.62 MB
       Class:  2.54 MB
        Both:  4.17 MB

MaxMetaspaceSize: unlimited
CompressedClassSpaceSize: 1.00 GB
Initial GC threshold: 21.00 MB
Current GC threshold: 116.88 MB
CDS: on
MetaspaceReclaimPolicy: balanced
 - commit_granule_bytes: 65536.
 - commit_granule_words: 8192.
 - virtual_space_node_default_size: 1048576.
 - enlarge_chunks_in_place: 1.
 - new_chunks_are_fully_committed: 0.
 - uncommit_free_chunks: 1.
 - use_allocation_guard: 0.
 - handle_deallocations: 1.


Internal statistics:

num_allocs_failed_limit: 9.
num_arena_births: 724.
num_arena_deaths: 0.
num_vsnodes_births: 9.
num_vsnodes_deaths: 0.
num_space_committed: 1135.
num_space_uncommitted: 0.
num_chunks_returned_to_freelist: 9.
num_chunks_taken_from_freelist: 3335.
num_chunk_merges: 9.
num_chunk_splits: 2443.
num_chunks_enlarged: 1936.
num_purges: 0.
num_inconsistent_stats: 0.

CodeHeap 'non-profiled nmethods': size=120000Kb used=2771Kb max_used=2771Kb free=117228Kb
 bounds [0x000001cad6c50000, 0x000001cad6f10000, 0x000001cade180000]
CodeHeap 'profiled nmethods': size=120000Kb used=11297Kb max_used=11661Kb free=108702Kb
 bounds [0x000001cacf720000, 0x000001cad0290000, 0x000001cad6c50000]
CodeHeap 'non-nmethods': size=5760Kb used=1368Kb max_used=1453Kb free=4391Kb
 bounds [0x000001cacf180000, 0x000001cacf3f0000, 0x000001cacf720000]
 total_blobs=6930 nmethods=6218 adapters=622
 compilation: enabled
              stopped_count=0, restarted_count=0
 full_count=0

Compilation events (20 events):
Event: 7.937 Thread 0x000001caea8e4480 7162       3       java.lang.String::equals (56 bytes)
Event: 7.937 Thread 0x000001caea8e4480 nmethod 7162 0x000001cacffd2090 code [0x000001cacffd2260, 0x000001cacffd26e8]
Event: 7.940 Thread 0x000001caea8e4480 7163       3       org.h2.util.Utils::newSmallArrayList (9 bytes)
Event: 7.940 Thread 0x000001caea8e4480 nmethod 7163 0x000001cacffd1c90 code [0x000001cacffd1e40, 0x000001cacffd1fc8]
Event: 7.940 Thread 0x000001caea8e4480 7164       1       org.hibernate.internal.SessionImpl::getPersistenceContextInternal (5 bytes)
Event: 7.940 Thread 0x000001caea8e4480 nmethod 7164 0x000001cad6d55790 code [0x000001cad6d55920, 0x000001cad6d559f8]
Event: 7.940 Thread 0x000001caea8e4480 7165       1       org.hibernate.engine.internal.AbstractEntityEntry$EnumState::getOffset (5 bytes)
Event: 7.940 Thread 0x000001caea8e4480 nmethod 7165 0x000001cad6d55490 code [0x000001cad6d55620, 0x000001cad6d556f8]
Event: 7.940 Thread 0x000001caea8e4480 7166       3       org.h2.mvstore.MVMap$IntValueHolder::<init> (5 bytes)
Event: 7.940 Thread 0x000001caea8e4480 nmethod 7166 0x000001cacffd1910 code [0x000001cacffd1aa0, 0x000001cacffd1bf8]
Event: 7.940 Thread 0x000001caea8e4480 7167       1       org.h2.engine.SessionLocal::getAutoCommit (5 bytes)
Event: 7.940 Thread 0x000001caea8e4480 nmethod 7167 0x000001cad6d55190 code [0x000001cad6d55320, 0x000001cad6d553f8]
Event: 7.941 Thread 0x000001caea8e4480 7169       1       org.h2.mvstore.db.MVPrimaryIndex::getMainIndexColumn (5 bytes)
Event: 7.941 Thread 0x000001caea8e4480 nmethod 7169 0x000001cad6d54e90 code [0x000001cad6d55020, 0x000001cad6d550f8]
Event: 7.941 Thread 0x000001caea8e4480 7170       2       org.h2.mvstore.DataUtils::checkArgument (11 bytes)
Event: 7.941 Thread 0x000001caea8e4480 nmethod 7170 0x000001cacffd1590 code [0x000001cacffd1720, 0x000001cacffd1848]
Event: 7.942 Thread 0x000001caea8e4480 7171       1       org.hibernate.internal.SessionFactoryImpl::getRuntimeMetamodels (5 bytes)
Event: 7.942 Thread 0x000001caea8e4480 nmethod 7171 0x000001cad6d54b90 code [0x000001cad6d54d20, 0x000001cad6d54df8]
Event: 7.942 Thread 0x000001caea8e4480 7172       2       java.lang.reflect.Field::get (29 bytes)
Event: 7.942 Thread 0x000001caea8e4480 nmethod 7172 0x000001cacffd1090 code [0x000001cacffd1260, 0x000001cacffd1438]

GC Heap History (20 events):
Event: 6.962 GC heap after
{Heap after GC invocations=22 (full 0):
 garbage-first heap   total 182272K, used 109824K [0x0000000703000000, 0x0000000800000000)
  region size 2048K, 2 young (4096K), 2 survivors (4096K)
 Metaspace       used 71348K, committed 71808K, reserved 1114112K
  class space    used 9246K, committed 9472K, reserved 1048576K
}
Event: 6.989 GC heap before
{Heap before GC invocations=22 (full 0):
 garbage-first heap   total 182272K, used 124160K [0x0000000703000000, 0x0000000800000000)
  region size 2048K, 10 young (20480K), 2 survivors (4096K)
 Metaspace       used 71348K, committed 71808K, reserved 1114112K
  class space    used 9246K, committed 9472K, reserved 1048576K
}
Event: 6.992 GC heap after
{Heap after GC invocations=23 (full 0):
 garbage-first heap   total 182272K, used 126208K [0x0000000703000000, 0x0000000800000000)
  region size 2048K, 2 young (4096K), 2 survivors (4096K)
 Metaspace       used 71348K, committed 71808K, reserved 1114112K
  class space    used 9246K, committed 9472K, reserved 1048576K
}
Event: 7.015 GC heap before
{Heap before GC invocations=23 (full 0):
 garbage-first heap   total 182272K, used 134400K [0x0000000703000000, 0x0000000800000000)
  region size 2048K, 7 young (14336K), 2 survivors (4096K)
 Metaspace       used 71348K, committed 71808K, reserved 1114112K
  class space    used 9246K, committed 9472K, reserved 1048576K
}
Event: 7.018 GC heap after
{Heap after GC invocations=24 (full 0):
 garbage-first heap   total 182272K, used 136448K [0x0000000703000000, 0x0000000800000000)
  region size 2048K, 1 young (2048K), 1 survivors (2048K)
 Metaspace       used 71348K, committed 71808K, reserved 1114112K
  class space    used 9246K, committed 9472K, reserved 1048576K
}
Event: 7.034 GC heap before
{Heap before GC invocations=24 (full 0):
 garbage-first heap   total 182272K, used 89344K [0x0000000703000000, 0x0000000800000000)
  region size 2048K, 4 young (8192K), 1 survivors (2048K)
 Metaspace       used 71348K, committed 71808K, reserved 1114112K
  class space    used 9246K, committed 9472K, reserved 1048576K
}
Event: 7.036 GC heap after
{Heap after GC invocations=25 (full 0):
 garbage-first heap   total 182272K, used 91392K [0x0000000703000000, 0x0000000800000000)
  region size 2048K, 1 young (2048K), 1 survivors (2048K)
 Metaspace       used 71348K, committed 71808K, reserved 1114112K
  class space    used 9246K, committed 9472K, reserved 1048576K
}
Event: 7.067 GC heap before
{Heap before GC invocations=26 (full 0):
 garbage-first heap   total 182272K, used 109824K [0x0000000703000000, 0x0000000800000000)
  region size 2048K, 11 young (22528K), 1 survivors (2048K)
 Metaspace       used 71348K, committed 71808K, reserved 1114112K
  class space    used 9246K, committed 9472K, reserved 1048576K
}
Event: 7.070 GC heap after
{Heap after GC invocations=27 (full 0):
 garbage-first heap   total 182272K, used 111872K [0x0000000703000000, 0x0000000800000000)
  region size 2048K, 2 young (4096K), 2 survivors (4096K)
 Metaspace       used 71348K, committed 71808K, reserved 1114112K
  class space    used 9246K, committed 9472K, reserved 1048576K
}
Event: 7.075 GC heap before
{Heap before GC invocations=27 (full 0):
 garbage-first heap   total 182272K, used 113920K [0x0000000703000000, 0x0000000800000000)
  region size 2048K, 4 young (8192K), 2 survivors (4096K)
 Metaspace       used 71348K, committed 71808K, reserved 1114112K
  class space    used 9246K, committed 9472K, reserved 1048576K
}
Event: 7.106 GC heap after
{Heap after GC invocations=28 (full 0):
 garbage-first heap   total 364544K, used 105984K [0x0000000703000000, 0x0000000800000000)
  region size 2048K, 1 young (2048K), 1 survivors (2048K)
 Metaspace       used 71348K, committed 71808K, reserved 1114112K
  class space    used 9246K, committed 9472K, reserved 1048576K
}
Event: 7.329 GC heap before
{Heap before GC invocations=28 (full 0):
 garbage-first heap   total 364544K, used 173568K [0x0000000703000000, 0x0000000800000000)
  region size 2048K, 35 young (71680K), 1 survivors (2048K)
 Metaspace       used 71359K, committed 71808K, reserved 1114112K
  class space    used 9246K, committed 9472K, reserved 1048576K
}
Event: 7.340 GC heap after
{Heap after GC invocations=29 (full 0):
 garbage-first heap   total 364544K, used 175360K [0x0000000703000000, 0x0000000800000000)
  region size 2048K, 5 young (10240K), 5 survivors (10240K)
 Metaspace       used 71359K, committed 71808K, reserved 1114112K
  class space    used 9246K, committed 9472K, reserved 1048576K
}
Event: 7.504 GC heap before
{Heap before GC invocations=29 (full 0):
 garbage-first heap   total 364544K, used 218368K [0x0000000703000000, 0x0000000800000000)
  region size 2048K, 27 young (55296K), 5 survivors (10240K)
 Metaspace       used 71361K, committed 71808K, reserved 1114112K
  class space    used 9246K, committed 9472K, reserved 1048576K
}
Event: 7.511 GC heap after
{Heap after GC invocations=30 (full 0):
 garbage-first heap   total 364544K, used 201728K [0x0000000703000000, 0x0000000800000000)
  region size 2048K, 4 young (8192K), 4 survivors (8192K)
 Metaspace       used 71361K, committed 71808K, reserved 1114112K
  class space    used 9246K, committed 9472K, reserved 1048576K
}
Event: 7.677 GC heap before
{Heap before GC invocations=30 (full 0):
 garbage-first heap   total 364544K, used 238592K [0x0000000703000000, 0x0000000800000000)
  region size 2048K, 23 young (47104K), 4 survivors (8192K)
 Metaspace       used 71365K, committed 71808K, reserved 1114112K
  class space    used 9246K, committed 9472K, reserved 1048576K
}
Event: 7.678 GC heap after
{Heap after GC invocations=31 (full 0):
 garbage-first heap   total 364544K, used 194848K [0x0000000703000000, 0x0000000800000000)
  region size 2048K, 1 young (2048K), 1 survivors (2048K)
 Metaspace       used 71365K, committed 71808K, reserved 1114112K
  class space    used 9246K, committed 9472K, reserved 1048576K
}
Event: 7.735 GC heap before
{Heap before GC invocations=31 (full 0):
 garbage-first heap   total 364544K, used 239904K [0x0000000703000000, 0x0000000800000000)
  region size 2048K, 24 young (49152K), 1 survivors (2048K)
 Metaspace       used 71365K, committed 71808K, reserved 1114112K
  class space    used 9246K, committed 9472K, reserved 1048576K
}
Event: 7.745 GC heap after
{Heap after GC invocations=32 (full 0):
 garbage-first heap   total 364544K, used 242048K [0x0000000703000000, 0x0000000800000000)
  region size 2048K, 3 young (6144K), 3 survivors (6144K)
 Metaspace       used 71365K, committed 71808K, reserved 1114112K
  class space    used 9246K, committed 9472K, reserved 1048576K
}
Event: 7.943 GC heap before
{Heap before GC invocations=32 (full 0):
 garbage-first heap   total 364544K, used 264576K [0x0000000703000000, 0x0000000800000000)
  region size 2048K, 15 young (30720K), 3 survivors (6144K)
 Metaspace       used 72062K, committed 72640K, reserved 1114112K
  class space    used 9354K, committed 9600K, reserved 1048576K
}

Dll operation events (13 events):
Event: 0.007 Loaded shared library C:\Users\Leshin\.jdks\corretto-17.0.5\bin\java.dll
Event: 0.098 Loaded shared library C:\Users\Leshin\.jdks\corretto-17.0.5\bin\jsvml.dll
Event: 0.233 Loaded shared library C:\Users\Leshin\.jdks\corretto-17.0.5\bin\zip.dll
Event: 0.236 Loaded shared library C:\Users\Leshin\.jdks\corretto-17.0.5\bin\instrument.dll
Event: 0.244 Loaded shared library C:\Users\Leshin\.jdks\corretto-17.0.5\bin\net.dll
Event: 0.246 Loaded shared library C:\Users\Leshin\.jdks\corretto-17.0.5\bin\nio.dll
Event: 0.249 Loaded shared library C:\Users\Leshin\.jdks\corretto-17.0.5\bin\zip.dll
Event: 0.469 Loaded shared library D:\Soft\IntelliJ IDEA Community Edition 2022.1\bin\breakgen64.dll
Event: 0.488 Loaded shared library C:\Users\Leshin\.jdks\corretto-17.0.5\bin\verify.dll
Event: 0.498 Loaded shared library C:\Users\Leshin\.jdks\corretto-17.0.5\bin\jimage.dll
Event: 3.560 Loaded shared library C:\Users\Leshin\.jdks\corretto-17.0.5\bin\sunmscapi.dll
Event: 3.575 Loaded shared library C:\Users\Leshin\.jdks\corretto-17.0.5\bin\management.dll
Event: 3.577 Loaded shared library C:\Users\Leshin\.jdks\corretto-17.0.5\bin\management_ext.dll

Deoptimization events (20 events):
Event: 7.242 Thread 0x000001cac5ea4710 DEOPT PACKING pc=0x000001cad6dec1a4 sp=0x00000088680fda30
Event: 7.242 Thread 0x000001cac5ea4710 DEOPT UNPACKING pc=0x000001cacf1d23a3 sp=0x00000088680fd900 mode 2
Event: 7.463 Thread 0x000001cac5ea4710 Uncommon trap: trap_request=0xffffff54 fr.pc=0x000001cad6d7dcd0 relative=0x0000000000000550
Event: 7.463 Thread 0x000001cac5ea4710 Uncommon trap: reason=speculate_null_assert action=make_not_entrant pc=0x000001cad6d7dcd0 method=org.springframework.util.ConcurrentReferenceHashMap$Segment.restructureIfNecessary(Z)V @ 41 c2
Event: 7.463 Thread 0x000001cac5ea4710 DEOPT PACKING pc=0x000001cad6d7dcd0 sp=0x00000088680fd9a0
Event: 7.463 Thread 0x000001cac5ea4710 DEOPT UNPACKING pc=0x000001cacf1d23a3 sp=0x00000088680fd8f8 mode 2
Event: 7.587 Thread 0x000001cac5ea4710 DEOPT PACKING pc=0x000001cad007024d sp=0x00000088680fd970
Event: 7.587 Thread 0x000001cac5ea4710 DEOPT UNPACKING pc=0x000001cacf1d2b43 sp=0x00000088680fce70 mode 0
Event: 7.674 Thread 0x000001cac5ea4710 Uncommon trap: trap_request=0xffffff54 fr.pc=0x000001cad6d79e4c relative=0x000000000000038c
Event: 7.674 Thread 0x000001cac5ea4710 Uncommon trap: reason=speculate_null_assert action=make_not_entrant pc=0x000001cad6d79e4c method=org.springframework.util.ConcurrentReferenceHashMap$Segment.restructureIfNecessary(Z)V @ 41 c2
Event: 7.674 Thread 0x000001cac5ea4710 DEOPT PACKING pc=0x000001cad6d79e4c sp=0x00000088680fd930
Event: 7.674 Thread 0x000001cac5ea4710 DEOPT UNPACKING pc=0x000001cacf1d23a3 sp=0x00000088680fd8f8 mode 2
Event: 7.917 Thread 0x000001cac5ea4710 Uncommon trap: trap_request=0xffffff45 fr.pc=0x000001cad6da09e0 relative=0x00000000000001c0
Event: 7.917 Thread 0x000001cac5ea4710 Uncommon trap: reason=unstable_if action=reinterpret pc=0x000001cad6da09e0 method=java.util.IdentityHashMap.maskNull(Ljava/lang/Object;)Ljava/lang/Object; @ 1 c2
Event: 7.917 Thread 0x000001cac5ea4710 DEOPT PACKING pc=0x000001cad6da09e0 sp=0x00000088680fb640
Event: 7.917 Thread 0x000001cac5ea4710 DEOPT UNPACKING pc=0x000001cacf1d23a3 sp=0x00000088680fb568 mode 2
Event: 7.934 Thread 0x000001cac5ea4710 Uncommon trap: trap_request=0xffffff45 fr.pc=0x000001cad6d31d20 relative=0x00000000000001a0
Event: 7.934 Thread 0x000001cac5ea4710 Uncommon trap: reason=unstable_if action=reinterpret pc=0x000001cad6d31d20 method=java.lang.String.equals(Ljava/lang/Object;)Z @ 33 c2
Event: 7.934 Thread 0x000001cac5ea4710 DEOPT PACKING pc=0x000001cad6d31d20 sp=0x00000088680faa10
Event: 7.934 Thread 0x000001cac5ea4710 DEOPT UNPACKING pc=0x000001cacf1d23a3 sp=0x00000088680fa9b0 mode 2

Classes unloaded (0 events):
No events

Classes redefined (0 events):
No events

Internal exceptions (20 events):
Event: 5.354 Thread 0x000001cac5ea4710 Exception <a 'java/lang/reflect/InvocationTargetException'{0x0000000706b7ae30}> (0x0000000706b7ae30) 
thrown [s\src\hotspot\share\runtime\reflection.cpp, line 1121]
Event: 5.430 Thread 0x000001cac5ea4710 Exception <a 'java/lang/reflect/InvocationTargetException'{0x0000000712c08b10}> (0x0000000712c08b10) 
thrown [s\src\hotspot\share\runtime\reflection.cpp, line 1121]
Event: 5.457 Thread 0x000001cac5ea4710 Exception <a 'java/lang/reflect/InvocationTargetException'{0x000000070a4acf20}> (0x000000070a4acf20) 
thrown [s\src\hotspot\share\runtime\reflection.cpp, line 1121]
Event: 5.511 Thread 0x000001cac5ea4710 Exception <a 'java/lang/reflect/InvocationTargetException'{0x0000000709a9e708}> (0x0000000709a9e708) 
thrown [s\src\hotspot\share\runtime\reflection.cpp, line 1121]
Event: 5.512 Thread 0x000001cac5ea4710 Exception <a 'java/lang/reflect/InvocationTargetException'{0x0000000709aac600}> (0x0000000709aac600) 
thrown [s\src\hotspot\share\runtime\reflection.cpp, line 1121]
Event: 5.665 Thread 0x000001cac5ea4710 Exception <a 'sun/nio/fs/WindowsException'{0x000000070863dbb0}> (0x000000070863dbb0) 
thrown [s\src\hotspot\share\prims\jni.cpp, line 516]
Event: 5.672 Thread 0x000001cac5ea4710 Implicit null exception at 0x000001cad6d7be46 to 0x000001cad6d7c253
Event: 5.852 Thread 0x000001cac5ea4710 Exception <a 'java/lang/IncompatibleClassChangeError'{0x00000007076b1fb8}: Found class java.lang.Object, but interface was expected> (0x00000007076b1fb8) 
thrown [s\src\hotspot\share\interpreter\linkResolver.cpp, line 826]
Event: 5.956 Thread 0x000001cac5ea4710 Exception <a 'java/lang/NoSuchMethodError'{0x00000007073b3090}: 'void java.lang.invoke.DirectMethodHandle$Holder.invokeVirtual(java.lang.Object, java.lang.Object, int)'> (0x00000007073b3090) 
thrown [s\src\hotspot\share\interpreter\linkResolver.cpp, line 759]
Event: 5.958 Thread 0x000001cac5ea4710 Exception <a 'java/lang/NoSuchMethodError'{0x00000007073cdc38}: 'void java.lang.invoke.DirectMethodHandle$Holder.invokeVirtual(java.lang.Object, java.lang.Object, long)'> (0x00000007073cdc38) 
thrown [s\src\hotspot\share\interpreter\linkResolver.cpp, line 759]
Event: 5.979 Thread 0x000001cac5ea4710 Exception <a 'java/lang/NoSuchMethodError'{0x0000000712cf26e8}: 'java.lang.Object java.lang.invoke.DirectMethodHandle$Holder.invokeSpecial(java.lang.Object, java.lang.Object, int, int, int, int)'> (0x0000000712cf26e8) 
thrown [s\src\hotspot\share\interpreter\linkResolver.cpp, line 759]
Event: 6.034 Thread 0x000001cac5ea4710 Exception <a 'java/lang/NoSuchMethodError'{0x000000070a6b7448}: 'int java.lang.invoke.DirectMethodHandle$Holder.invokeStaticInit(java.lang.Object, java.lang.Object, java.lang.Object, java.lang.Object)'> (0x000000070a6b7448) 
thrown [s\src\hotspot\share\interpreter\linkResolver.cpp, line 759]
Event: 6.201 Thread 0x000001cac5ea4710 Exception <a 'java/lang/NoSuchMethodError'{0x0000000709d9c8f8}: 'java.lang.Object java.lang.invoke.DirectMethodHandle$Holder.newInvokeSpecial(java.lang.Object, java.lang.Object, int, java.lang.Object, java.lang.Object)'> (0x0000000709d9c8f8) 
thrown [s\src\hotspot\share\interpreter\linkResolver.cpp, line 759]
Event: 6.202 Thread 0x000001cac5ea4710 Exception <a 'java/lang/NoSuchMethodError'{0x0000000709da7f70}: 'java.lang.Object java.lang.invoke.DirectMethodHandle$Holder.invokeSpecial(java.lang.Object, java.lang.Object, int, java.lang.Object, int, java.lang.Object)'> (0x0000000709da7f70) 
thrown [s\src\hotspot\share\interpreter\linkResolver.cpp, line 759]
Event: 6.203 Thread 0x000001cac5ea4710 Exception <a 'java/lang/NoSuchMethodError'{0x0000000709dafd78}: 'java.lang.Object java.lang.invoke.DirectMethodHandle$Holder.newInvokeSpecial(java.lang.Object, java.lang.Object, int, java.lang.Object, int)'> (0x0000000709dafd78) 
thrown [s\src\hotspot\share\interpreter\linkResolver.cpp, line 759]
Event: 6.203 Thread 0x000001cac5ea4710 Exception <a 'java/lang/NoSuchMethodError'{0x0000000709db3e78}: 'java.lang.Object java.lang.invoke.DirectMethodHandle$Holder.invokeSpecial(java.lang.Object, java.lang.Object, java.lang.Object, int, java.lang.Object, int)'> (0x0000000709db3e78) 
thrown [s\src\hotspot\share\interpreter\linkResolver.cpp, line 759]
Event: 7.881 Thread 0x000001cac5ea4710 Exception <a 'java/lang/NoSuchMethodError'{0x00000007181e5480}: 'java.lang.Object java.lang.invoke.DirectMethodHandle$Holder.invokeInterface(java.lang.Object, java.lang.Object, java.lang.Object, java.lang.Object)'> (0x00000007181e5480) 
thrown [s\src\hotspot\share\interpreter\linkResolver.cpp, line 759]
Event: 7.902 Thread 0x000001cac5ea4710 Exception <a 'java/lang/IncompatibleClassChangeError'{0x0000000717fe7f90}: Found class java.lang.Object, but interface was expected> (0x0000000717fe7f90) 
thrown [s\src\hotspot\share\interpreter\linkResolver.cpp, line 826]
Event: 7.917 Thread 0x000001cac5ea4710 Implicit null exception at 0x000001cad6da084f to 0x000001cad6da09cc
Event: 7.943 Thread 0x000001cac5ea4710 Exception <a 'java/lang/NoSuchMethodError'{0x0000000717df9108}: 'void java.lang.invoke.DirectMethodHandle$Holder.invokeStatic(java.lang.Object, java.lang.Object, java.lang.Object, int, java.lang.Object)'> (0x0000000717df9108) 
thrown [s\src\hotspot\share\interpreter\linkResolver.cpp, line 759]

VM Operations (20 events):
Event: 7.018 Executing VM operation: G1CollectForAllocation done
Event: 7.031 Executing VM operation: G1Concurrent
Event: 7.034 Executing VM operation: G1Concurrent done
Event: 7.034 Executing VM operation: G1CollectForAllocation
Event: 7.036 Executing VM operation: G1CollectForAllocation done
Event: 7.051 Executing VM operation: G1Concurrent
Event: 7.051 Executing VM operation: G1Concurrent done
Event: 7.067 Executing VM operation: G1CollectForAllocation
Event: 7.070 Executing VM operation: G1CollectForAllocation done
Event: 7.075 Executing VM operation: G1CollectForAllocation
Event: 7.106 Executing VM operation: G1CollectForAllocation done
Event: 7.329 Executing VM operation: G1CollectForAllocation
Event: 7.340 Executing VM operation: G1CollectForAllocation done
Event: 7.504 Executing VM operation: G1CollectForAllocation
Event: 7.511 Executing VM operation: G1CollectForAllocation done
Event: 7.677 Executing VM operation: G1CollectForAllocation
Event: 7.678 Executing VM operation: G1CollectForAllocation done
Event: 7.735 Executing VM operation: G1CollectForAllocation
Event: 7.745 Executing VM operation: G1CollectForAllocation done
Event: 7.943 Executing VM operation: G1CollectForAllocation

Events (20 events):
Event: 6.439 loading class sun/security/util/Length
Event: 6.439 loading class sun/security/util/Length done
Event: 6.439 loading class javax/crypto/SecretKey
Event: 6.439 loading class javax/crypto/SecretKey done
Event: 6.439 loading class java/security/cert/CertPathValidatorException
Event: 6.440 loading class java/security/cert/CertPathValidatorException done
Event: 6.440 loading class java/security/cert/CertPathValidatorException$BasicReason
Event: 6.440 loading class java/security/cert/CertPathValidatorException$Reason
Event: 6.440 loading class java/security/cert/CertPathValidatorException$Reason done
Event: 6.440 loading class java/security/cert/CertPathValidatorException$BasicReason done
Event: 6.440 loading class java/security/SignatureException
Event: 6.440 loading class java/security/SignatureException done
Event: 6.455 loading class sun/security/provider/DSA$SHA256withDSA
Event: 6.455 loading class sun/security/provider/DSA$SHA256withDSA done
Event: 6.503 loading class java/util/Base64$Decoder
Event: 6.503 loading class java/util/Base64$Decoder done
Event: 6.507 loading class java/util/jar/JarVerifier$VerifierStream
Event: 6.508 loading class java/util/jar/JarVerifier$VerifierStream done
Event: 6.508 loading class sun/security/util/ManifestEntryVerifier$SunProviderHolder
Event: 6.508 loading class sun/security/util/ManifestEntryVerifier$SunProviderHolder done


Dynamic libraries:
0x00007ff7dfad0000 - 0x00007ff7dfadd000 	C:\Users\Leshin\.jdks\corretto-17.0.5\bin\java.exe
0x00007ffefc370000 - 0x00007ffefc565000 	C:\WINDOWS\SYSTEM32\ntdll.dll
0x00007ffefc270000 - 0x00007ffefc32d000 	C:\WINDOWS\System32\KERNEL32.DLL
0x00007ffef9df0000 - 0x00007ffefa0b8000 	C:\WINDOWS\System32\KERNELBASE.dll
0x00007ffefa0c0000 - 0x00007ffefa1c0000 	C:\WINDOWS\System32\ucrtbase.dll
0x00007ffef5200000 - 0x00007ffef5217000 	C:\Users\Leshin\.jdks\corretto-17.0.5\bin\jli.dll
0x00007ffed7d50000 - 0x00007ffed7d65000 	C:\Users\Leshin\.jdks\corretto-17.0.5\bin\VCRUNTIME140.dll
0x00007ffefa4c0000 - 0x00007ffefa660000 	C:\WINDOWS\System32\USER32.dll
0x00007ffef9d10000 - 0x00007ffef9d32000 	C:\WINDOWS\System32\win32u.dll
0x00007ffefa710000 - 0x00007ffefa73a000 	C:\WINDOWS\System32\GDI32.dll
0x00007ffedd650000 - 0x00007ffedd8ea000 	C:\WINDOWS\WinSxS\amd64_microsoft.windows.common-controls_6595b64144ccf1df_6.0.19041.844_none_ca00b6081b84eb1d\COMCTL32.dll
0x00007ffefa240000 - 0x00007ffefa34b000 	C:\WINDOWS\System32\gdi32full.dll
0x00007ffefc160000 - 0x00007ffefc1fe000 	C:\WINDOWS\System32\msvcrt.dll
0x00007ffef9ab0000 - 0x00007ffef9b4d000 	C:\WINDOWS\System32\msvcp_win.dll
0x00007ffefc130000 - 0x00007ffefc160000 	C:\WINDOWS\System32\IMM32.DLL
0x00007ffed5a80000 - 0x00007ffed5b1b000 	C:\Users\Leshin\.jdks\corretto-17.0.5\bin\msvcp140.dll
0x00007ffeaf460000 - 0x00007ffeb0074000 	C:\Users\Leshin\.jdks\corretto-17.0.5\bin\server\jvm.dll
0x00007ffefa660000 - 0x00007ffefa70c000 	C:\WINDOWS\System32\ADVAPI32.dll
0x00007ffefbcc0000 - 0x00007ffefbd5b000 	C:\WINDOWS\System32\sechost.dll
0x00007ffefbf20000 - 0x00007ffefc04b000 	C:\WINDOWS\System32\RPCRT4.dll
0x00007ffef1240000 - 0x00007ffef1249000 	C:\WINDOWS\SYSTEM32\WSOCK32.dll
0x00007ffeddaa0000 - 0x00007ffeddac7000 	C:\WINDOWS\SYSTEM32\WINMM.dll
0x00007ffefb350000 - 0x00007ffefb3bb000 	C:\WINDOWS\System32\WS2_32.dll
0x00007ffef1ff0000 - 0x00007ffef1ffa000 	C:\WINDOWS\SYSTEM32\VERSION.dll
0x00007ffef8380000 - 0x00007ffef8392000 	C:\WINDOWS\SYSTEM32\kernel.appcore.dll
0x00007ffef52b0000 - 0x00007ffef52ba000 	C:\Users\Leshin\.jdks\corretto-17.0.5\bin\jimage.dll
0x00007ffef77b0000 - 0x00007ffef7994000 	C:\WINDOWS\SYSTEM32\DBGHELP.DLL
0x00007ffeda090000 - 0x00007ffeda0bc000 	C:\WINDOWS\SYSTEM32\dbgcore.DLL
0x00007ffefa1c0000 - 0x00007ffefa240000 	C:\WINDOWS\System32\bcryptPrimitives.dll
0x00007ffef52a0000 - 0x00007ffef52ae000 	C:\Users\Leshin\.jdks\corretto-17.0.5\bin\instrument.dll
0x00007ffed7b20000 - 0x00007ffed7b45000 	C:\Users\Leshin\.jdks\corretto-17.0.5\bin\java.dll
0x00007ffed48e0000 - 0x00007ffed49b6000 	C:\Users\Leshin\.jdks\corretto-17.0.5\bin\jsvml.dll
0x00007ffefb480000 - 0x00007ffefbbc2000 	C:\WINDOWS\System32\SHELL32.dll
0x00007ffef7be0000 - 0x00007ffef8370000 	C:\WINDOWS\SYSTEM32\windows.storage.dll
0x00007ffefa8f0000 - 0x00007ffefac45000 	C:\WINDOWS\System32\combase.dll
0x00007ffef9520000 - 0x00007ffef954c000 	C:\WINDOWS\SYSTEM32\Wldp.dll
0x00007ffefad00000 - 0x00007ffefadae000 	C:\WINDOWS\System32\SHCORE.dll
0x00007ffefa460000 - 0x00007ffefa4b5000 	C:\WINDOWS\System32\shlwapi.dll
0x00007ffef99f0000 - 0x00007ffef9a0f000 	C:\WINDOWS\SYSTEM32\profapi.dll
0x00007ffed79e0000 - 0x00007ffed79f8000 	C:\Users\Leshin\.jdks\corretto-17.0.5\bin\zip.dll
0x00007ffed7d30000 - 0x00007ffed7d49000 	C:\Users\Leshin\.jdks\corretto-17.0.5\bin\net.dll
0x00007ffee3720000 - 0x00007ffee382b000 	C:\WINDOWS\SYSTEM32\WINHTTP.dll
0x00007ffef9290000 - 0x00007ffef92fa000 	C:\WINDOWS\system32\mswsock.dll
0x00007ffed7a00000 - 0x00007ffed7a15000 	C:\Users\Leshin\.jdks\corretto-17.0.5\bin\nio.dll
0x00007ffef5250000 - 0x00007ffef526a000 	D:\Soft\IntelliJ IDEA Community Edition 2022.1\bin\breakgen64.dll
0x00007ffef51f0000 - 0x00007ffef5200000 	C:\Users\Leshin\.jdks\corretto-17.0.5\bin\verify.dll
0x00007ffef9460000 - 0x00007ffef9478000 	C:\WINDOWS\SYSTEM32\CRYPTSP.dll
0x00007ffef8bc0000 - 0x00007ffef8bf4000 	C:\WINDOWS\system32\rsaenh.dll
0x00007ffefa3a0000 - 0x00007ffefa3c7000 	C:\WINDOWS\System32\bcrypt.dll
0x00007ffef99b0000 - 0x00007ffef99de000 	C:\WINDOWS\SYSTEM32\USERENV.dll
0x00007ffef9480000 - 0x00007ffef948c000 	C:\WINDOWS\SYSTEM32\CRYPTBASE.dll
0x00007ffef8f30000 - 0x00007ffef8f6b000 	C:\WINDOWS\SYSTEM32\IPHLPAPI.DLL
0x00007ffefc200000 - 0x00007ffefc208000 	C:\WINDOWS\System32\NSI.dll
0x00007ffef0660000 - 0x00007ffef0677000 	C:\WINDOWS\SYSTEM32\dhcpcsvc6.DLL
0x00007ffef1a30000 - 0x00007ffef1a4d000 	C:\WINDOWS\SYSTEM32\dhcpcsvc.DLL
0x00007ffef8f80000 - 0x00007ffef904c000 	C:\WINDOWS\SYSTEM32\DNSAPI.dll
0x00007ffef1250000 - 0x00007ffef125e000 	C:\Users\Leshin\.jdks\corretto-17.0.5\bin\sunmscapi.dll
0x00007ffef9b50000 - 0x00007ffef9caf000 	C:\WINDOWS\System32\CRYPT32.dll
0x00007ffef9590000 - 0x00007ffef95b7000 	C:\WINDOWS\SYSTEM32\ncrypt.dll
0x00007ffef9550000 - 0x00007ffef958b000 	C:\WINDOWS\SYSTEM32\NTASN1.dll
0x00007ffef1f10000 - 0x00007ffef1f19000 	C:\Users\Leshin\.jdks\corretto-17.0.5\bin\management.dll
0x00007ffef1330000 - 0x00007ffef133b000 	C:\Users\Leshin\.jdks\corretto-17.0.5\bin\management_ext.dll
0x00007ffefbf10000 - 0x00007ffefbf18000 	C:\WINDOWS\System32\PSAPI.DLL
0x00007ffedbf20000 - 0x00007ffedbf27000 	C:\WINDOWS\system32\wshunix.dll

dbghelp: loaded successfully - version: 4.0.5 - missing functions: none
symbol engine: initialized successfully - sym options: 0x614 - pdb path: .;C:\Users\Leshin\.jdks\corretto-17.0.5\bin;C:\WINDOWS\SYSTEM32;C:\WINDOWS\WinSxS\amd64_microsoft.windows.common-controls_6595b64144ccf1df_6.0.19041.844_none_ca00b6081b84eb1d;C:\Users\Leshin\.jdks\corretto-17.0.5\bin\server;D:\Soft\IntelliJ IDEA Community Edition 2022.1\bin

VM Arguments:
jvm_args: -javaagent:D:\Soft\IntelliJ IDEA Community Edition 2022.1\lib\idea_rt.jar=64708:D:\Soft\IntelliJ IDEA Community Edition 2022.1\bin -Dfile.encoding=UTF-8 
java_command: ru.netology.nmedia.NMediaApplicationKt
java_class_path (initial): D:\Android\diploma\server\build\classes\kotlin\main;D:\Android\diploma\server\build\resources\main;C:\Users\Leshin\.gradle\caches\modules-2\files-2.1\org.jetbrains.kotlin\kotlin-stdlib-jdk8\1.7.21\5407c3593c58860cec5ee3f66c468396b42f4c2b\kotlin-stdlib-jdk8-1.7.21.jar;C:\Users\Leshin\.gradle\caches\modules-2\files-2.1\org.springframework.boot\spring-boot-starter-data-jpa\3.0.0\3fa6a036bc4f0383ebb6105420d36ce9580d5fe9\spring-boot-starter-data-jpa-3.0.0.jar;C:\Users\Leshin\.gradle\caches\modules-2\files-2.1\org.springframework.boot\spring-boot-starter-web\3.0.0\5dd6c38f60b915dce2c4a340f4ea68f2e52306f8\spring-boot-starter-web-3.0.0.jar;C:\Users\Leshin\.gradle\caches\modules-2\files-2.1\org.springframework.boot\spring-boot-starter-security\3.0.0\efe7ffae5c9875e2019c6a701759ea524cb331ee\spring-boot-starter-security-3.0.0.jar;C:\Users\Leshin\.gradle\caches\modules-2\files-2.1\com.github.javafaker\javafaker\1.0.2\be0ff271b1208416822db4438864df47f90af92f\javafaker-1.0.2.jar;C:\Users\Leshin\.gradle\caches\modules-2\files-2.1\com.google.firebase\firebase-admin\9.1.1\ed4c3d54dc08904aed7308a0c9aca5c9a51e9802\firebase-admin-9.1.1.jar;C:\Users\Leshin\.gradle\caches\modules-2\files-2.1\com.fasterxml.jackson.module\jackson-module-kotlin\2.14.1\9230908f5a521fc2afccdd62c50bb7bb9ef633a1\jackson-module-kotlin-2.14.1.jar;C:\Users\Leshin\.gradle\caches\modules-2\files-2.1\org.jetbrains.kotlin\kotlin-reflect\1.7.21\ad6d09bc4db0eab1069112eea8ebea0be7be44f\kotlin-reflect-1.7.21.jar;C:\Users\Leshin\.gradle\caches\modules-2\files-2.1\org.apache.tika\tika-core\2.6.0\f6ed6356dd4a9bd269d873f65494376685e6192e\tika-core-2.6.0.jar;C:\Users\Leshin\.gradle\caches\modules-2\files-2.1\org.bouncycastle\bctls-jdk15on\1.70\b0db3b9dafb022f157c3e3f9a1771c29db850e2d\bctls-jdk15on-1.70.jar;C:\Users\Leshin\.gradle\caches\modules-2\files-2.1\org.jetbrains.kotlin\kotlin-stdlib-jdk7\1.7.21\a0ba09615c2213d580315e234b3febfea25b757e\kotlin-stdlib-jdk7-1.7.21.jar;C:\Users\Leshin\.gradle\ca
Launcher Type: SUN_STANDARD

[Global flags]
     intx CICompilerCount                          = 4                                         {product} {ergonomic}
     uint ConcGCThreads                            = 2                                         {product} {ergonomic}
     uint G1ConcRefinementThreads                  = 8                                         {product} {ergonomic}
   size_t G1HeapRegionSize                         = 2097152                                   {product} {ergonomic}
    uintx GCDrainStackTargetSize                   = 64                                        {product} {ergonomic}
   size_t InitialHeapSize                          = 266338304                                 {product} {ergonomic}
   size_t MarkStackSize                            = 4194304                                   {product} {ergonomic}
   size_t MaxHeapSize                              = 4244635648                                {product} {ergonomic}
   size_t MaxNewSize                               = 2545942528                                {product} {ergonomic}
   size_t MinHeapDeltaBytes                        = 2097152                                   {product} {ergonomic}
   size_t MinHeapSize                              = 8388608                                   {product} {ergonomic}
    uintx NonNMethodCodeHeapSize                   = 5839372                                {pd product} {ergonomic}
    uintx NonProfiledCodeHeapSize                  = 122909434                              {pd product} {ergonomic}
    uintx ProfiledCodeHeapSize                     = 122909434                              {pd product} {ergonomic}
    uintx ReservedCodeCacheSize                    = 251658240                              {pd product} {ergonomic}
     bool SegmentedCodeCache                       = true                                      {product} {ergonomic}
   size_t SoftMaxHeapSize                          = 4244635648                             {manageable} {ergonomic}
     bool UseCompressedClassPointers               = true                           {product lp64_product} {ergonomic}
     bool UseCompressedOops                        = true                           {product lp64_product} {ergonomic}
     bool UseG1GC                                  = true                                      {product} {ergonomic}
     bool UseLargePagesIndividualAllocation        = false                                  {pd product} {ergonomic}

Logging:
Log output configuration:
 #0: stdout all=warning uptime,level,tags
 #1: stderr all=off uptime,level,tags

Environment Variables:
JAVA_HOME=C:\Program Files\Java\jdk-19
PATH=C:\Program Files\Common Files\Oracle\Java\javapath;C:\WINDOWS\system32;C:\WINDOWS;C:\WINDOWS\System32\Wbem;C:\WINDOWS\System32\WindowsPowerShell\v1.0\;C:\WINDOWS\System32\OpenSSH\;C:\Program Files\nodejs\;C:\Program Files\Git\cmd;C:\Gradle\gradle-8.0.1\bin;"C:\Program Files\Common Files\Oracle\Java\javapath;C:\WINDOWS\system32;C:\WINDOWS;C:\WINDOWS\System32\Wbem;C:\WINDOWS\System32\WindowsPowerShell\v1.0\;C:\WINDOWS\System32\OpenSSH\;C:\Program Files\nodejs\;C:\Program Files\Git\cmd;C:\Gradle\gradle-8.0.1\bin;"C:\Program Files\Common Files\Oracle\Java\javapath;C:\WINDOWS\system32;C:\WINDOWS;C:\WINDOWS\System32\Wbem;C:\WINDOWS\System32\WindowsPowerShell\v1.0\;C:\WINDOWS\System32\OpenSSH\;C:\Program Files\nodejs\;C:\Program Files\Git\cmd;C:\Gradle\gradle-8.0.1\bin;"C:\WINDOWS\System32;C:\Program Files\Java\jdk-19\bin";C:\Users\Leshin\AppData\Local\GitHubDesktop\bin;;C:\Program Files\Java\jdk-19\bin";C:\Users\Leshin\AppData\Local\GitHubDesktop\bin;;C:\Program Files\Java\jdk-19\bin";C:\Users\Leshin\AppData\Local\GitHubDesktop\bin;
USERNAME=Leshin
OS=Windows_NT
PROCESSOR_IDENTIFIER=Intel64 Family 6 Model 165 Stepping 2, GenuineIntel
TMP=C:\Users\Leshin\AppData\Local\Temp
TEMP=C:\Users\Leshin\AppData\Local\Temp



---------------  S Y S T E M  ---------------

OS:
 Windows 10 , 64 bit Build 19041 (10.0.19041.928)
OS uptime: 3 days 22:37 hours

CPU: total 8 (initial active 8) (4 cores per cpu, 2 threads per core) family 6 model 165 stepping 2 microcode 0xe0, cx8, cmov, fxsr, ht, mmx, 3dnowpref, sse, sse2, sse3, ssse3, sse4.1, sse4.2, popcnt, lzcnt, tsc, tscinvbit, avx, avx2, aes, erms, clmul, bmi1, bmi2, adx, fma, vzeroupper, clflush, clflushopt

Memory: 4k page, system-wide physical 16185M (190M free)
TotalPageFile size 40914M (AvailPageFile size 266M)
current process WorkingSet (physical memory assigned to process): 492M, peak: 492M
current process commit charge ("private bytes"): 592M, peak: 1276M

vm_info: OpenJDK 64-Bit Server VM (17.0.5+8-LTS) for windows-amd64 JRE (17.0.5+8-LTS), built on Oct 13 2022 05:18:14 by "Administrator" with MS VC++ 15.9 (VS2017)

END.
